\BOOKMARK [0][-]{section*.1}{Table des mati\350res}{}% 1
\BOOKMARK [0][-]{chapter.1}{Introduction}{}% 2
\BOOKMARK [1][-]{section.1.1}{Contexte et objectifs du stage}{chapter.1}% 3
\BOOKMARK [1][-]{section.1.2}{Motivations et plan du rapport}{chapter.1}% 4
\BOOKMARK [0][-]{chapter.2}{Etat de l'art}{}% 5
\BOOKMARK [1][-]{section.2.1}{Pr\351liminaires}{chapter.2}% 6
\BOOKMARK [2][-]{subsection.2.1.1}{Le cloud computing}{section.2.1}% 7
\BOOKMARK [2][-]{subsection.2.1.2}{Architecture et fonctionnement des caches}{section.2.1}% 8
\BOOKMARK [2][-]{subsection.2.1.3}{Le Framework de s\351curit\351 autonome VESPA}{section.2.1}% 9
\BOOKMARK [1][-]{section.2.2}{Attaques par canaux auxiliaires}{chapter.2}% 10
\BOOKMARK [2][-]{subsection.2.2.1}{D\351finition et classification}{section.2.2}% 11
\BOOKMARK [2][-]{subsection.2.2.2}{Attaques par canaux auxiliaires dans le cloud}{section.2.2}% 12
\BOOKMARK [3][-]{subsubsection.2.2.2.1}{Attaques visant les caches L1 et L2}{subsection.2.2.2}% 13
\BOOKMARK [3][-]{subsubsection.2.2.2.2}{Attaques visant les caches L3}{subsection.2.2.2}% 14
\BOOKMARK [3][-]{subsubsection.2.2.2.3}{Attaques visant les plateformes PaaS}{subsection.2.2.2}% 15
\BOOKMARK [1][-]{section.2.3}{Contremesures}{chapter.2}% 16
\BOOKMARK [2][-]{subsection.2.3.1}{La r\351\351criture des algorithmes cryptographiques}{section.2.3}% 17
\BOOKMARK [2][-]{subsection.2.3.2}{Isolation}{section.2.3}% 18
\BOOKMARK [2][-]{subsection.2.3.3}{Limitation du partage des ressources}{section.2.3}% 19
\BOOKMARK [2][-]{subsection.2.3.4}{Obfuscation des sources de mesure}{section.2.3}% 20
\BOOKMARK [2][-]{subsection.2.3.5}{Ordonnancement des machines virtuelles}{section.2.3}% 21
\BOOKMARK [0][-]{chapter.3}{Approche multicouche}{}% 22
\BOOKMARK [1][-]{section.3.1}{Algorithme de d\351tection}{chapter.3}% 23
\BOOKMARK [1][-]{section.3.2}{Architecture de protection}{chapter.3}% 24
\BOOKMARK [0][-]{chapter.4}{Conclusion et perspectives}{}% 25
\BOOKMARK [0][-]{section*.6}{Bibliographie}{}% 26
